<?xml version="1.0" encoding="UTF-8"?>
<!-- Generated by org.testng.reporters.JUnitXMLReporter -->
<testsuite hostname="SSPL-LP-HP-0029" ignored="0" name="Default test" tests="2" failures="0" timestamp="01 May 2020 07:34:11 GMT" time="36.436" errors="0">
  <testcase name="VerifyRegisterpageText" time="3.833" classname="com.newtours.demoaut.tests.RegistrationPageTest"/>
  <testcase name="registeruser" time="8.83" classname="com.newtours.demoaut.tests.RegistrationPageTest"/>
</testsuite> <!-- Default test -->
