<?xml version="1.0" encoding="UTF-8"?>
<!-- Generated by org.testng.reporters.JUnitXMLReporter -->
<testsuite hostname="SSPL-LP-HP-0029" ignored="0" name="Default test" tests="2" failures="0" timestamp="02 May 2020 08:22:42 GMT" time="20.468" errors="0">
  <testcase name="VerifyRegisterpageText" time="1.326" classname="com.newtours.demoaut.tests.RegistrationPageTest"/>
  <testcase name="registeruser" time="7.223" classname="com.newtours.demoaut.tests.RegistrationPageTest"/>
</testsuite> <!-- Default test -->
