<?xml version="1.0" encoding="UTF-8"?>
<testng-results skipped="0" failed="0" ignored="0" total="1" passed="1">
  <reporter-output>
  </reporter-output>
  <suite name="Default suite" duration-ms="25486" started-at="2020-05-02T07:33:16Z" finished-at="2020-05-02T07:33:41Z">
    <groups>
    </groups>
    <test name="Default test" duration-ms="25486" started-at="2020-05-02T07:33:16Z" finished-at="2020-05-02T07:33:41Z">
      <class name="com.newtours.demoaut.tests.FlightBookPageTest">
        <test-method status="PASS" signature="setup()[pri:0, instance:com.newtours.demoaut.tests.FlightBookPageTest@5e3a8624]" name="setup" is-config="true" duration-ms="15652" started-at="2020-05-02T13:03:16Z" finished-at="2020-05-02T13:03:31Z">
          <reporter-output>
          </reporter-output>
        </test-method> <!-- setup -->
        <test-method status="PASS" signature="verifyflightBooking()[pri:1, instance:com.newtours.demoaut.tests.FlightBookPageTest@5e3a8624]" name="verifyflightBooking" duration-ms="8890" started-at="2020-05-02T13:03:31Z" finished-at="2020-05-02T13:03:40Z">
          <reporter-output>
          </reporter-output>
        </test-method> <!-- verifyflightBooking -->
        <test-method status="PASS" signature="teardown()[pri:0, instance:com.newtours.demoaut.tests.FlightBookPageTest@5e3a8624]" name="teardown" is-config="true" duration-ms="927" started-at="2020-05-02T13:03:40Z" finished-at="2020-05-02T13:03:41Z">
          <reporter-output>
          </reporter-output>
        </test-method> <!-- teardown -->
      </class> <!-- com.newtours.demoaut.tests.FlightBookPageTest -->
    </test> <!-- Default test -->
  </suite> <!-- Default suite -->
</testng-results>
