<?xml version="1.0" encoding="UTF-8"?>
<testng-results skipped="0" failed="1" ignored="0" total="1" passed="0">
  <reporter-output>
  </reporter-output>
  <suite name="Default suite" duration-ms="264882" started-at="2020-04-27T13:25:59Z" finished-at="2020-04-27T13:30:24Z">
    <groups>
    </groups>
    <test name="Default test" duration-ms="264882" started-at="2020-04-27T13:25:59Z" finished-at="2020-04-27T13:30:24Z">
      <class name="com.newtours.demoaut.tests.LoginPageTest">
        <test-method status="PASS" signature="setup()[pri:0, instance:com.newtours.demoaut.tests.LoginPageTest@41fbdac4]" name="setup" is-config="true" duration-ms="15743" started-at="2020-04-27T18:55:59Z" finished-at="2020-04-27T18:56:15Z">
          <reporter-output>
          </reporter-output>
        </test-method> <!-- setup -->
        <test-method status="FAIL" signature="VerifyLoginFunctionality()[pri:1, instance:com.newtours.demoaut.tests.LoginPageTest@41fbdac4]" name="VerifyLoginFunctionality" duration-ms="216836" started-at="2020-04-27T18:56:15Z" finished-at="2020-04-27T18:59:52Z">
          <exception class="java.lang.NullPointerException">
            <full-stacktrace>
              <![CDATA[java.lang.NullPointerException
	at com.newtours.demoaut.pages.LoginPage.VerifyLoginFunctionality(LoginPage.java:39)
	at com.newtours.demoaut.tests.LoginPageTest.VerifyLoginFunctionality(LoginPageTest.java:39)
	at sun.reflect.NativeMethodAccessorImpl.invoke0(Native Method)
	at sun.reflect.NativeMethodAccessorImpl.invoke(Unknown Source)
	at sun.reflect.DelegatingMethodAccessorImpl.invoke(Unknown Source)
	at java.lang.reflect.Method.invoke(Unknown Source)
	at org.testng.internal.MethodInvocationHelper.invokeMethod(MethodInvocationHelper.java:108)
	at org.testng.internal.Invoker.invokeMethod(Invoker.java:661)
	at org.testng.internal.Invoker.invokeTestMethod(Invoker.java:869)
	at org.testng.internal.Invoker.invokeTestMethods(Invoker.java:1193)
	at org.testng.internal.TestMethodWorker.invokeTestMethods(TestMethodWorker.java:126)
	at org.testng.internal.TestMethodWorker.run(TestMethodWorker.java:109)
	at org.testng.TestRunner.privateRun(TestRunner.java:744)
	at org.testng.TestRunner.run(TestRunner.java:602)
	at org.testng.SuiteRunner.runTest(SuiteRunner.java:380)
	at org.testng.SuiteRunner.runSequentially(SuiteRunner.java:375)
	at org.testng.SuiteRunner.privateRun(SuiteRunner.java:340)
	at org.testng.SuiteRunner.run(SuiteRunner.java:289)
	at org.testng.SuiteRunnerWorker.runSuite(SuiteRunnerWorker.java:52)
	at org.testng.SuiteRunnerWorker.run(SuiteRunnerWorker.java:86)
	at org.testng.TestNG.runSuitesSequentially(TestNG.java:1301)
	at org.testng.TestNG.runSuitesLocally(TestNG.java:1226)
	at org.testng.TestNG.runSuites(TestNG.java:1144)
	at org.testng.TestNG.run(TestNG.java:1115)
	at org.testng.remote.AbstractRemoteTestNG.run(AbstractRemoteTestNG.java:115)
	at org.testng.remote.RemoteTestNG.initAndRun(RemoteTestNG.java:251)
	at org.testng.remote.RemoteTestNG.main(RemoteTestNG.java:77)
]]>
            </full-stacktrace>
          </exception> <!-- java.lang.NullPointerException -->
          <reporter-output>
          </reporter-output>
        </test-method> <!-- VerifyLoginFunctionality -->
        <test-method status="PASS" signature="teardown()[pri:0, instance:com.newtours.demoaut.tests.LoginPageTest@41fbdac4]" name="teardown" is-config="true" duration-ms="1161" started-at="2020-04-27T18:59:58Z" finished-at="2020-04-27T19:00:00Z">
          <reporter-output>
          </reporter-output>
        </test-method> <!-- teardown -->
      </class> <!-- com.newtours.demoaut.tests.LoginPageTest -->
    </test> <!-- Default test -->
  </suite> <!-- Default suite -->
</testng-results>
